[2014-10-12 22:46:25,252] {passenger_wsgi:38} DEBUG - {u'hook_id': 3197475, u'hook': {u'name': u'web', u'url': u'https://api.github.com/repos/sn1p3r46/uappServer/hooks/3197475', u'created_at': u'2014-10-12T20:22:02Z', u'updated_at': u'2014-10-12T20:22:02Z', u'test_url': u'https://api.github.com/repos/sn1p3r46/uappServer/hooks/3197475/test', u'id': 3197475, u'active': True, u'config': {u'url': u'http://apigithub.sfcoding.com/post-update', u'insecure_ssl': u'0', u'secret': u'', u'content_type': u'json'}, u'events': [u'push'], u'last_response': {u'status': u'unused', u'message': None, u'code': None}}, u'zen': u'Anything added dilutes everything else.', u'sender': {u'following_url': u'https://api.github.com/users/sn1p3r46/following{/other_user}', u'events_url': u'https://api.github.com/users/sn1p3r46/events{/privacy}', u'organizations_url': u'https://api.github.com/users/sn1p3r46/orgs', u'url': u'https://api.github.com/users/sn1p3r46', u'gists_url': u'https://api.github.com/users/sn1p3r46/gists{/gist_id}', u'html_url': u'https://github.com/sn1p3r46', u'subscriptions_url': u'https://api.github.com/users/sn1p3r46/subscriptions', u'avatar_url': u'https://avatars.githubusercontent.com/u/2912521?v=2', u'repos_url': u'https://api.github.com/users/sn1p3r46/repos', u'received_events_url': u'https://api.github.com/users/sn1p3r46/received_events', u'gravatar_id': u'', u'starred_url': u'https://api.github.com/users/sn1p3r46/starred{/owner}{/repo}', u'site_admin': False, u'login': u'sn1p3r46', u'type': u'User', u'id': 2912521, u'followers_url': u'https://api.github.com/users/sn1p3r46/followers'}, u'repository': {u'issues_url': u'https://api.github.com/repos/sn1p3r46/uappServer/issues{/number}', u'stargazers_count': 0, u'forks_url': u'https://api.github.com/repos/sn1p3r46/uappServer/forks', u'mirror_url': None, u'subscription_url': u'https://api.github.com/repos/sn1p3r46/uappServer/subscription', u'notifications_url': u'https://api.github.com/repos/sn1p3r46/uappServer/notifications{?since,all,participating}', u'collaborators_url': u'https://api.github.com/repos/sn1p3r46/uappServer/collaborators{/collaborator}', u'updated_at': u'2014-10-12T19:59:32Z', u'private': False, u'pulls_url': u'https://api.github.com/repos/sn1p3r46/uappServer/pulls{/number}', u'issue_comment_url': u'https://api.github.com/repos/sn1p3r46/uappServer/issues/comments/{number}', u'labels_url': u'https://api.github.com/repos/sn1p3r46/uappServer/labels{/name}', u'has_wiki': True, u'full_name': u'sn1p3r46/uappServer', u'owner': {u'following_url': u'https://api.github.com/users/sn1p3r46/following{/other_user}', u'events_url': u'https://api.github.com/users/sn1p3r46/events{/privacy}', u'organizations_url': u'https://api.github.com/users/sn1p3r46/orgs', u'url': u'https://api.github.com/users/sn1p3r46', u'gists_url': u'https://api.github.com/users/sn1p3r46/gists{/gist_id}', u'html_url': u'https://github.com/sn1p3r46', u'subscriptions_url': u'https://api.github.com/users/sn1p3r46/subscriptions', u'avatar_url': u'https://avatars.githubusercontent.com/u/2912521?v=2', u'repos_url': u'https://api.github.com/users/sn1p3r46/repos', u'received_events_url': u'https://api.github.com/users/sn1p3r46/received_events', u'gravatar_id': u'', u'starred_url': u'https://api.github.com/users/sn1p3r46/starred{/owner}{/repo}', u'site_admin': False, u'login': u'sn1p3r46', u'type': u'User', u'id': 2912521, u'followers_url': u'https://api.github.com/users/sn1p3r46/followers'}, u'statuses_url': u'https://api.github.com/repos/sn1p3r46/uappServer/statuses/{sha}', u'id': 25130362, u'keys_url': u'https://api.github.com/repos/sn1p3r46/uappServer/keys{/key_id}', u'description': u'uappServer', u'tags_url': u'https://api.github.com/repos/sn1p3r46/uappServer/tags', u'downloads_url': u'https://api.github.com/repos/sn1p3r46/uappServer/downloads', u'assignees_url': u'https://api.github.com/repos/sn1p3r46/uappServer/assignees{/user}', u'contents_url': u'https://api.github.com/repos/sn1p3r46/uappServer/contents/{+path}', u'has_pages': False, u'git_refs_url': u'https://api.github.com/repos/sn1p3r46/uappServer/git/refs{/sha}', u'open_issues_count': 0, u'clone_url': u'https://github.com/sn1p3r46/uappServer.git', u'watchers_count': 0, u'git_tags_url': u'https://api.github.com/repos/sn1p3r46/uappServer/git/tags{/sha}', u'milestones_url': u'https://api.github.com/repos/sn1p3r46/uappServer/milestones{/number}', u'languages_url': u'https://api.github.com/repos/sn1p3r46/uappServer/languages', u'size': 0, u'homepage': None, u'fork': False, u'commits_url': u'https://api.github.com/repos/sn1p3r46/uappServer/commits{/sha}', u'releases_url': u'https://api.github.com/repos/sn1p3r46/uappServer/releases{/id}', u'issue_events_url': u'https://api.github.com/repos/sn1p3r46/uappServer/issues/events{/number}', u'archive_url': u'https://api.github.com/repos/sn1p3r46/uappServer/{archive_format}{/ref}', u'comments_url': u'https://api.github.com/repos/sn1p3r46/uappServer/comments{/number}', u'events_url': u'https://api.github.com/repos/sn1p3r46/uappServer/events', u'contributors_url': u'https://api.github.com/repos/sn1p3r46/uappServer/contributors', u'html_url': u'https://github.com/sn1p3r46/uappServer', u'forks': 0, u'compare_url': u'https://api.github.com/repos/sn1p3r46/uappServer/compare/{base}...{head}', u'open_issues': 0, u'git_url': u'git://github.com/sn1p3r46/uappServer.git', u'svn_url': u'https://github.com/sn1p3r46/uappServer', u'merges_url': u'https://api.github.com/repos/sn1p3r46/uappServer/merges', u'has_issues': True, u'ssh_url': u'git@github.com:sn1p3r46/uappServer.git', u'blobs_url': u'https://api.github.com/repos/sn1p3r46/uappServer/git/blobs{/sha}', u'git_commits_url': u'https://api.github.com/repos/sn1p3r46/uappServer/git/commits{/sha}', u'hooks_url': u'https://api.github.com/repos/sn1p3r46/uappServer/hooks', u'has_downloads': True, u'watchers': 0, u'name': u'uappServer', u'language': None, u'url': u'https://api.github.com/repos/sn1p3r46/uappServer', u'created_at': u'2014-10-12T19:59:32Z', u'pushed_at': u'2014-10-12T20:03:50Z', u'forks_count': 0, u'default_branch': u'master', u'teams_url': u'https://api.github.com/repos/sn1p3r46/uappServer/teams', u'trees_url': u'https://api.github.com/repos/sn1p3r46/uappServer/git/trees{/sha}', u'branches_url': u'https://api.github.com/repos/sn1p3r46/uappServer/branches{/branch}', u'subscribers_url': u'https://api.github.com/repos/sn1p3r46/uappServer/subscribers', u'stargazers_url': u'https://api.github.com/repos/sn1p3r46/uappServer/stargazers'}}
[2014-10-12 22:46:25,255] {passenger_wsgi:107} DEBUG - uappServer
[2014-10-12 22:46:26,807] {passenger_wsgi:119} DEBUG - 0
[2014-10-12 22:49:30,344] {passenger_wsgi:107} DEBUG - sfcoding-site
[2014-10-12 22:49:31,957] {passenger_wsgi:119} DEBUG - 0
[2014-10-12 22:49:38,805] {passenger_wsgi:76} DEBUG - npm istallation 0
[2014-10-12 22:49:38,809] {passenger_wsgi:78} DEBUG - fatto 0
[2014-10-12 22:51:14,388] {passenger_wsgi:107} DEBUG - sfcoding-site
[2014-10-12 22:51:17,456] {passenger_wsgi:124} DEBUG - 0
[2014-10-12 22:51:23,704] {passenger_wsgi:76} DEBUG - npm istallation 0
[2014-10-12 22:51:23,712] {passenger_wsgi:78} DEBUG - fatto 0
[2014-10-12 22:52:42,855] {passenger_wsgi:107} DEBUG - sfcoding-site
[2014-10-12 22:52:44,491] {passenger_wsgi:119} DEBUG - 0
[2014-10-12 22:52:45,306] {passenger_wsgi:76} DEBUG - npm istallation 0
[2014-10-12 22:52:45,308] {passenger_wsgi:78} DEBUG - fatto 0
[2014-10-12 22:53:14,381] {passenger_wsgi:107} DEBUG - sfcoding-site
[2014-10-12 22:53:16,061] {passenger_wsgi:119} DEBUG - 0
[2014-10-12 22:53:17,233] {passenger_wsgi:76} DEBUG - npm istallation 0
[2014-10-12 22:53:17,237] {passenger_wsgi:78} DEBUG - fatto 0
[2014-10-12 22:55:07,827] {passenger_wsgi:107} DEBUG - sfcoding-site
[2014-10-12 22:55:09,509] {passenger_wsgi:119} DEBUG - 0
[2014-10-12 22:55:11,394] {passenger_wsgi:76} DEBUG - npm istallation 0
[2014-10-12 22:55:11,400] {passenger_wsgi:78} DEBUG - fatto 0
[2014-10-12 22:56:13,018] {passenger_wsgi:107} DEBUG - sfcoding-site
[2014-10-12 22:56:14,638] {passenger_wsgi:119} DEBUG - 0
[2014-10-12 22:56:15,767] {passenger_wsgi:76} DEBUG - npm istallation 0
[2014-10-12 22:56:15,769] {passenger_wsgi:78} DEBUG - fatto 0
[2014-10-12 22:56:57,706] {passenger_wsgi:107} DEBUG - sfcoding-site
[2014-10-12 22:56:59,248] {passenger_wsgi:119} DEBUG - 0
[2014-10-12 22:57:00,253] {passenger_wsgi:76} DEBUG - npm istallation 0
[2014-10-12 22:57:00,256] {passenger_wsgi:78} DEBUG - fatto 0
[2014-10-12 22:58:42,093] {passenger_wsgi:107} DEBUG - sfcoding-site
[2014-10-12 22:58:43,764] {passenger_wsgi:119} DEBUG - 0
[2014-10-12 22:58:45,191] {passenger_wsgi:76} DEBUG - npm istallation 0
[2014-10-12 22:58:45,194] {passenger_wsgi:78} DEBUG - fatto 0
[2014-10-13 21:08:11,018] {passenger_wsgi:107} DEBUG - sfcoding-site
[2014-10-13 21:08:12,659] {passenger_wsgi:119} DEBUG - 0
[2014-10-13 21:08:13,945] {passenger_wsgi:76} DEBUG - npm istallation 0
[2014-10-13 21:08:13,950] {passenger_wsgi:78} DEBUG - fatto 0
